<?xml version="1.0" encoding="UTF-8"?>
<testng-results ignored="0" total="3" passed="3" failed="0" skipped="0">
  <reporter-output>
    <line>
      <![CDATA[testcase 3]]>
    </line>
    <line>
      <![CDATA[testcase 1]]>
    </line>
    <line>
      <![CDATA[testcase 2]]>
    </line>
  </reporter-output>
  <suite started-at="2023-01-05T19:46:52 IST" name="Suite" finished-at="2023-01-05T19:46:53 IST" duration-ms="311">
    <groups>
    </groups>
    <test started-at="2023-01-05T19:46:52 IST" name="Test" finished-at="2023-01-05T19:46:53 IST" duration-ms="311">
      <class name="testcases.Tc3test">
        <test-method signature="m3()[pri:0, instance:testcases.Tc3test@13c10b87]" started-at="2023-01-05T19:46:53 IST" name="m3" finished-at="2023-01-05T19:46:53 IST" duration-ms="26" status="PASS">
          <reporter-output>
            <line>
              <![CDATA[testcase 3]]>
            </line>
          </reporter-output>
        </test-method> <!-- m3 -->
      </class> <!-- testcases.Tc3test -->
      <class name="testcases.Tc2Test">
        <test-method signature="m2()[pri:0, instance:testcases.Tc2Test@22635ba0]" started-at="2023-01-05T19:46:53 IST" name="m2" finished-at="2023-01-05T19:46:53 IST" duration-ms="26" status="PASS">
          <reporter-output>
            <line>
              <![CDATA[testcase 2]]>
            </line>
          </reporter-output>
        </test-method> <!-- m2 -->
      </class> <!-- testcases.Tc2Test -->
      <class name="testcases.Tc1test">
        <test-method signature="m1()[pri:0, instance:testcases.Tc1test@6a01e23]" started-at="2023-01-05T19:46:53 IST" name="m1" finished-at="2023-01-05T19:46:53 IST" duration-ms="26" status="PASS">
          <reporter-output>
            <line>
              <![CDATA[testcase 1]]>
            </line>
          </reporter-output>
        </test-method> <!-- m1 -->
      </class> <!-- testcases.Tc1test -->
    </test> <!-- Test -->
  </suite> <!-- Suite -->
</testng-results>
